Reading netlist file: "C:\Users\Md. Jannatul Nayem\Downloads\picorv32-infer_sram\picorv32-infer_sram\impl\gwsynthesis\picorv32.vg"
Parsing netlist file "C:\Users\Md. Jannatul Nayem\Downloads\picorv32-infer_sram\picorv32-infer_sram\impl\gwsynthesis\picorv32.vg" completed
Processing netlist completed
Reading constraint file: "C:\Users\Md. Jannatul Nayem\Downloads\picorv32-infer_sram\picorv32-infer_sram\src\picorv32.cst"
Physical Constraint parsed completed
Running placement......
[10%] Placement Phase 0 completed
[20%] Placement Phase 1 completed
[30%] Placement Phase 2 completed
[50%] Placement Phase 3 completed
Running routing......
[60%] Routing Phase 0 completed
[70%] Routing Phase 1 completed
[80%] Routing Phase 2 completed
[90%] Routing Phase 3 completed
Running timing analysis......
[95%] Timing analysis completed
Placement and routing completed
Bitstream generation in progress......
Bitstream generation completed
Running power analysis......
[100%] Power analysis completed
Generate file "C:\Users\Md. Jannatul Nayem\Downloads\picorv32-infer_sram\picorv32-infer_sram\impl\pnr\picorv32.power.html" completed
Generate file "C:\Users\Md. Jannatul Nayem\Downloads\picorv32-infer_sram\picorv32-infer_sram\impl\pnr\picorv32.pin.html" completed
Generate file "C:\Users\Md. Jannatul Nayem\Downloads\picorv32-infer_sram\picorv32-infer_sram\impl\pnr\picorv32.rpt.html" completed
Generate file "C:\Users\Md. Jannatul Nayem\Downloads\picorv32-infer_sram\picorv32-infer_sram\impl\pnr\picorv32.rpt.txt" completed
Generate file "C:\Users\Md. Jannatul Nayem\Downloads\picorv32-infer_sram\picorv32-infer_sram\impl\pnr\picorv32.tr.html" completed
Tue Aug  5 18:51:21 2025

