GowinSynthesis start
Running parser ...
Analyzing Verilog file 'C:\Users\Md. Jannatul Nayem\Downloads\picorv32-infer_sram\picorv32-infer_sram\src\countdown_timer.v'
Analyzing Verilog file 'C:\Users\Md. Jannatul Nayem\Downloads\picorv32-infer_sram\picorv32-infer_sram\src\force_rebuild.v'
Analyzing Verilog file 'C:\Users\Md. Jannatul Nayem\Downloads\picorv32-infer_sram\picorv32-infer_sram\src\gowin_rpll\gowin_rpll.v'
Analyzing Verilog file 'C:\Users\Md. Jannatul Nayem\Downloads\picorv32-infer_sram\picorv32-infer_sram\src\picorv32.v'
Analyzing Verilog file 'C:\Users\Md. Jannatul Nayem\Downloads\picorv32-infer_sram\picorv32-infer_sram\src\reset.v'
Analyzing Verilog file 'C:\Users\Md. Jannatul Nayem\Downloads\picorv32-infer_sram\picorv32-infer_sram\src\simpleuart.v'
Analyzing Verilog file 'C:\Users\Md. Jannatul Nayem\Downloads\picorv32-infer_sram\picorv32-infer_sram\src\sram.v'
Analyzing Verilog file 'C:\Users\Md. Jannatul Nayem\Downloads\picorv32-infer_sram\picorv32-infer_sram\src\sram8bit.v'
Analyzing Verilog file 'C:\Users\Md. Jannatul Nayem\Downloads\picorv32-infer_sram\picorv32-infer_sram\src\tang_nano_9k_leds.v'
Analyzing Verilog file 'C:\Users\Md. Jannatul Nayem\Downloads\picorv32-infer_sram\picorv32-infer_sram\src\top.v'
Analyzing included file 'C:\Users\Md. Jannatul Nayem\Downloads\picorv32-infer_sram\picorv32-infer_sram\src\sram_addr_width.v'("C:\Users\Md. Jannatul Nayem\Downloads\picorv32-infer_sram\picorv32-infer_sram\src\top.v":60)
Back to file 'C:\Users\Md. Jannatul Nayem\Downloads\picorv32-infer_sram\picorv32-infer_sram\src\top.v'("C:\Users\Md. Jannatul Nayem\Downloads\picorv32-infer_sram\picorv32-infer_sram\src\top.v":60)
Undeclared symbol 'clk', assumed default net type 'wire'("C:\Users\Md. Jannatul Nayem\Downloads\picorv32-infer_sram\picorv32-infer_sram\src\top.v":111)
Analyzing Verilog file 'C:\Users\Md. Jannatul Nayem\Downloads\picorv32-infer_sram\picorv32-infer_sram\src\uart_wrap.v'
WARN  (EX3073) : Port 'trap' remains unconnected for this instance("C:\Users\Md. Jannatul Nayem\Downloads\picorv32-infer_sram\picorv32-infer_sram\src\top.v":218)
Compiling module 'top'("C:\Users\Md. Jannatul Nayem\Downloads\picorv32-infer_sram\picorv32-infer_sram\src\top.v":33)
Compiling module 'Gowin_rPLL'("C:\Users\Md. Jannatul Nayem\Downloads\picorv32-infer_sram\picorv32-infer_sram\src\gowin_rpll\gowin_rpll.v":10)
Compiling module 'reset_control'("C:\Users\Md. Jannatul Nayem\Downloads\picorv32-infer_sram\picorv32-infer_sram\src\reset.v":3)
Compiling module 'uart_wrap'("C:\Users\Md. Jannatul Nayem\Downloads\picorv32-infer_sram\picorv32-infer_sram\src\uart_wrap.v":1)
Compiling module 'simpleuart'("C:\Users\Md. Jannatul Nayem\Downloads\picorv32-infer_sram\picorv32-infer_sram\src\simpleuart.v":20)
WARN  (EX3791) : Expression size 5 truncated to fit in target size 4("C:\Users\Md. Jannatul Nayem\Downloads\picorv32-infer_sram\picorv32-infer_sram\src\simpleuart.v":99)
WARN  (EX3791) : Expression size 32 truncated to fit in target size 4("C:\Users\Md. Jannatul Nayem\Downloads\picorv32-infer_sram\picorv32-infer_sram\src\simpleuart.v":132)
Compiling module 'countdown_timer'("C:\Users\Md. Jannatul Nayem\Downloads\picorv32-infer_sram\picorv32-infer_sram\src\countdown_timer.v":16)
Compiling module 'sram'("C:\Users\Md. Jannatul Nayem\Downloads\picorv32-infer_sram\picorv32-infer_sram\src\sram.v":6)
Compiling module 'sram8(MEM_INIT_FILE="mem_init3.ini")'("C:\Users\Md. Jannatul Nayem\Downloads\picorv32-infer_sram\picorv32-infer_sram\src\sram8bit.v":15)
Extracting RAM for identifier 'mem'("C:\Users\Md. Jannatul Nayem\Downloads\picorv32-infer_sram\picorv32-infer_sram\src\sram8bit.v":30)
Compiling module 'sram8(MEM_INIT_FILE="mem_init2.ini")'("C:\Users\Md. Jannatul Nayem\Downloads\picorv32-infer_sram\picorv32-infer_sram\src\sram8bit.v":15)
Extracting RAM for identifier 'mem'("C:\Users\Md. Jannatul Nayem\Downloads\picorv32-infer_sram\picorv32-infer_sram\src\sram8bit.v":30)
Compiling module 'sram8(MEM_INIT_FILE="mem_init1.ini")'("C:\Users\Md. Jannatul Nayem\Downloads\picorv32-infer_sram\picorv32-infer_sram\src\sram8bit.v":15)
Extracting RAM for identifier 'mem'("C:\Users\Md. Jannatul Nayem\Downloads\picorv32-infer_sram\picorv32-infer_sram\src\sram8bit.v":30)
Compiling module 'sram8(MEM_INIT_FILE="mem_init0.ini")'("C:\Users\Md. Jannatul Nayem\Downloads\picorv32-infer_sram\picorv32-infer_sram\src\sram8bit.v":15)
Extracting RAM for identifier 'mem'("C:\Users\Md. Jannatul Nayem\Downloads\picorv32-infer_sram\picorv32-infer_sram\src\sram8bit.v":30)
Compiling module 'tang_leds'("C:\Users\Md. Jannatul Nayem\Downloads\picorv32-infer_sram\picorv32-infer_sram\src\tang_nano_9k_leds.v":6)
Compiling module 'picorv32(ENABLE_IRQ=1,ENABLE_IRQ_QREGS=0,PROGADDR_RESET=32'b00000000000000000000000000000000,PROGADDR_IRQ=32'b00000000000000000000000000000000,STACKADDR=32'b00000000000000000010000000000000)'("C:\Users\Md. Jannatul Nayem\Downloads\picorv32-infer_sram\picorv32-infer_sram\src\picorv32.v":62)
Extracting RAM for identifier 'cpuregs'("C:\Users\Md. Jannatul Nayem\Downloads\picorv32-infer_sram\picorv32-infer_sram\src\picorv32.v":203)
WARN  (EX3827) : Synthesis - simulation differences may occur when using full_case directive("C:\Users\Md. Jannatul Nayem\Downloads\picorv32-infer_sram\picorv32-infer_sram\src\picorv32.v":403)
WARN  (EX3826) : Synthesis - simulation differences may occur when using parallel_case directive("C:\Users\Md. Jannatul Nayem\Downloads\picorv32-infer_sram\picorv32-infer_sram\src\picorv32.v":1120)
WARN  (EX3791) : Expression size 33 truncated to fit in target size 32("C:\Users\Md. Jannatul Nayem\Downloads\picorv32-infer_sram\picorv32-infer_sram\src\picorv32.v":1245)
WARN  (EX3791) : Expression size 32 truncated to fit in target size 1("C:\Users\Md. Jannatul Nayem\Downloads\picorv32-infer_sram\picorv32-infer_sram\src\picorv32.v":1250)
WARN  (EX3827) : Synthesis - simulation differences may occur when using full_case directive("C:\Users\Md. Jannatul Nayem\Downloads\picorv32-infer_sram\picorv32-infer_sram\src\picorv32.v":1252)
WARN  (EX3826) : Synthesis - simulation differences may occur when using parallel_case directive("C:\Users\Md. Jannatul Nayem\Downloads\picorv32-infer_sram\picorv32-infer_sram\src\picorv32.v":1252)
WARN  (EX3827) : Synthesis - simulation differences may occur when using full_case directive("C:\Users\Md. Jannatul Nayem\Downloads\picorv32-infer_sram\picorv32-infer_sram\src\picorv32.v":1269)
WARN  (EX3826) : Synthesis - simulation differences may occur when using parallel_case directive("C:\Users\Md. Jannatul Nayem\Downloads\picorv32-infer_sram\picorv32-infer_sram\src\picorv32.v":1269)
WARN  (EX3826) : Synthesis - simulation differences may occur when using parallel_case directive("C:\Users\Md. Jannatul Nayem\Downloads\picorv32-infer_sram\picorv32-infer_sram\src\picorv32.v":1315)
WARN  (EX3791) : Expression size 32 truncated to fit in target size 5("C:\Users\Md. Jannatul Nayem\Downloads\picorv32-infer_sram\picorv32-infer_sram\src\picorv32.v":1349)
WARN  (EX3791) : Expression size 32 truncated to fit in target size 5("C:\Users\Md. Jannatul Nayem\Downloads\picorv32-infer_sram\picorv32-infer_sram\src\picorv32.v":1404)
WARN  (EX3826) : Synthesis - simulation differences may occur when using parallel_case directive("C:\Users\Md. Jannatul Nayem\Downloads\picorv32-infer_sram\picorv32-infer_sram\src\picorv32.v":1498)
WARN  (EX3827) : Synthesis - simulation differences may occur when using full_case directive("C:\Users\Md. Jannatul Nayem\Downloads\picorv32-infer_sram\picorv32-infer_sram\src\picorv32.v":1628)
WARN  (EX3826) : Synthesis - simulation differences may occur when using parallel_case directive("C:\Users\Md. Jannatul Nayem\Downloads\picorv32-infer_sram\picorv32-infer_sram\src\picorv32.v":1628)
WARN  (EX3826) : Synthesis - simulation differences may occur when using parallel_case directive("C:\Users\Md. Jannatul Nayem\Downloads\picorv32-infer_sram\picorv32-infer_sram\src\picorv32.v":1584)
WARN  (EX3791) : Expression size 32 truncated to fit in target size 5("C:\Users\Md. Jannatul Nayem\Downloads\picorv32-infer_sram\picorv32-infer_sram\src\picorv32.v":1731)
WARN  (EX3826) : Synthesis - simulation differences may occur when using parallel_case directive("C:\Users\Md. Jannatul Nayem\Downloads\picorv32-infer_sram\picorv32-infer_sram\src\picorv32.v":1736)
WARN  (EX3791) : Expression size 32 truncated to fit in target size 5("C:\Users\Md. Jannatul Nayem\Downloads\picorv32-infer_sram\picorv32-infer_sram\src\picorv32.v":1761)
WARN  (EX3826) : Synthesis - simulation differences may occur when using parallel_case directive("C:\Users\Md. Jannatul Nayem\Downloads\picorv32-infer_sram\picorv32-infer_sram\src\picorv32.v":1767)
WARN  (EX3827) : Synthesis - simulation differences may occur when using full_case directive("C:\Users\Md. Jannatul Nayem\Downloads\picorv32-infer_sram\picorv32-infer_sram\src\picorv32.v":1837)
WARN  (EX3826) : Synthesis - simulation differences may occur when using parallel_case directive("C:\Users\Md. Jannatul Nayem\Downloads\picorv32-infer_sram\picorv32-infer_sram\src\picorv32.v":1837)
WARN  (EX3791) : Expression size 32 truncated to fit in target size 5("C:\Users\Md. Jannatul Nayem\Downloads\picorv32-infer_sram\picorv32-infer_sram\src\picorv32.v":1842)
WARN  (EX3827) : Synthesis - simulation differences may occur when using full_case directive("C:\Users\Md. Jannatul Nayem\Downloads\picorv32-infer_sram\picorv32-infer_sram\src\picorv32.v":1845)
WARN  (EX3826) : Synthesis - simulation differences may occur when using parallel_case directive("C:\Users\Md. Jannatul Nayem\Downloads\picorv32-infer_sram\picorv32-infer_sram\src\picorv32.v":1845)
WARN  (EX3791) : Expression size 32 truncated to fit in target size 5("C:\Users\Md. Jannatul Nayem\Downloads\picorv32-infer_sram\picorv32-infer_sram\src\picorv32.v":1850)
WARN  (EX3827) : Synthesis - simulation differences may occur when using full_case directive("C:\Users\Md. Jannatul Nayem\Downloads\picorv32-infer_sram\picorv32-infer_sram\src\picorv32.v":1860)
WARN  (EX3826) : Synthesis - simulation differences may occur when using parallel_case directive("C:\Users\Md. Jannatul Nayem\Downloads\picorv32-infer_sram\picorv32-infer_sram\src\picorv32.v":1860)
WARN  (EX3827) : Synthesis - simulation differences may occur when using full_case directive("C:\Users\Md. Jannatul Nayem\Downloads\picorv32-infer_sram\picorv32-infer_sram\src\picorv32.v":1885)
WARN  (EX3826) : Synthesis - simulation differences may occur when using parallel_case directive("C:\Users\Md. Jannatul Nayem\Downloads\picorv32-infer_sram\picorv32-infer_sram\src\picorv32.v":1885)
WARN  (EX3827) : Synthesis - simulation differences may occur when using full_case directive("C:\Users\Md. Jannatul Nayem\Downloads\picorv32-infer_sram\picorv32-infer_sram\src\picorv32.v":1902)
WARN  (EX3826) : Synthesis - simulation differences may occur when using parallel_case directive("C:\Users\Md. Jannatul Nayem\Downloads\picorv32-infer_sram\picorv32-infer_sram\src\picorv32.v":1902)
WARN  (EX3827) : Synthesis - simulation differences may occur when using full_case directive("C:\Users\Md. Jannatul Nayem\Downloads\picorv32-infer_sram\picorv32-infer_sram\src\picorv32.v":1486)
WARN  (EX2565) : Input 'pcpi_wr' on this instance is undriven. Assigning to 0, simulation mismatch possible. Please assign the input or remove the declaration("C:\Users\Md. Jannatul Nayem\Downloads\picorv32-infer_sram\picorv32-infer_sram\src\top.v":218)
WARN  (EX2565) : Input 'pcpi_rd[31]' on this instance is undriven. Assigning to 0, simulation mismatch possible. Please assign the input or remove the declaration("C:\Users\Md. Jannatul Nayem\Downloads\picorv32-infer_sram\picorv32-infer_sram\src\top.v":218)
WARN  (EX2565) : Input 'pcpi_rd[30]' on this instance is undriven. Assigning to 0, simulation mismatch possible. Please assign the input or remove the declaration("C:\Users\Md. Jannatul Nayem\Downloads\picorv32-infer_sram\picorv32-infer_sram\src\top.v":218)
WARN  (EX2565) : Input 'pcpi_rd[29]' on this instance is undriven. Assigning to 0, simulation mismatch possible. Please assign the input or remove the declaration("C:\Users\Md. Jannatul Nayem\Downloads\picorv32-infer_sram\picorv32-infer_sram\src\top.v":218)
WARN  (EX2565) : Input 'pcpi_rd[28]' on this instance is undriven. Assigning to 0, simulation mismatch possible. Please assign the input or remove the declaration("C:\Users\Md. Jannatul Nayem\Downloads\picorv32-infer_sram\picorv32-infer_sram\src\top.v":218)
WARN  (EX2565) : Input 'pcpi_rd[27]' on this instance is undriven. Assigning to 0, simulation mismatch possible. Please assign the input or remove the declaration("C:\Users\Md. Jannatul Nayem\Downloads\picorv32-infer_sram\picorv32-infer_sram\src\top.v":218)
WARN  (EX2565) : Input 'pcpi_rd[26]' on this instance is undriven. Assigning to 0, simulation mismatch possible. Please assign the input or remove the declaration("C:\Users\Md. Jannatul Nayem\Downloads\picorv32-infer_sram\picorv32-infer_sram\src\top.v":218)
WARN  (EX2565) : Input 'pcpi_rd[25]' on this instance is undriven. Assigning to 0, simulation mismatch possible. Please assign the input or remove the declaration("C:\Users\Md. Jannatul Nayem\Downloads\picorv32-infer_sram\picorv32-infer_sram\src\top.v":218)
WARN  (EX2565) : Input 'pcpi_rd[24]' on this instance is undriven. Assigning to 0, simulation mismatch possible. Please assign the input or remove the declaration("C:\Users\Md. Jannatul Nayem\Downloads\picorv32-infer_sram\picorv32-infer_sram\src\top.v":218)
WARN  (EX2565) : Input 'pcpi_rd[23]' on this instance is undriven. Assigning to 0, simulation mismatch possible. Please assign the input or remove the declaration("C:\Users\Md. Jannatul Nayem\Downloads\picorv32-infer_sram\picorv32-infer_sram\src\top.v":218)
WARN  (EX2565) : Input 'pcpi_rd[22]' on this instance is undriven. Assigning to 0, simulation mismatch possible. Please assign the input or remove the declaration("C:\Users\Md. Jannatul Nayem\Downloads\picorv32-infer_sram\picorv32-infer_sram\src\top.v":218)
WARN  (EX2565) : Input 'pcpi_rd[21]' on this instance is undriven. Assigning to 0, simulation mismatch possible. Please assign the input or remove the declaration("C:\Users\Md. Jannatul Nayem\Downloads\picorv32-infer_sram\picorv32-infer_sram\src\top.v":218)
WARN  (EX2565) : Input 'pcpi_rd[20]' on this instance is undriven. Assigning to 0, simulation mismatch possible. Please assign the input or remove the declaration("C:\Users\Md. Jannatul Nayem\Downloads\picorv32-infer_sram\picorv32-infer_sram\src\top.v":218)
WARN  (EX2565) : Input 'pcpi_rd[19]' on this instance is undriven. Assigning to 0, simulation mismatch possible. Please assign the input or remove the declaration("C:\Users\Md. Jannatul Nayem\Downloads\picorv32-infer_sram\picorv32-infer_sram\src\top.v":218)
WARN  (EX2565) : Input 'pcpi_rd[18]' on this instance is undriven. Assigning to 0, simulation mismatch possible. Please assign the input or remove the declaration("C:\Users\Md. Jannatul Nayem\Downloads\picorv32-infer_sram\picorv32-infer_sram\src\top.v":218)
WARN  (EX2565) : Input 'pcpi_rd[17]' on this instance is undriven. Assigning to 0, simulation mismatch possible. Please assign the input or remove the declaration("C:\Users\Md. Jannatul Nayem\Downloads\picorv32-infer_sram\picorv32-infer_sram\src\top.v":218)
WARN  (EX2565) : Input 'pcpi_rd[16]' on this instance is undriven. Assigning to 0, simulation mismatch possible. Please assign the input or remove the declaration("C:\Users\Md. Jannatul Nayem\Downloads\picorv32-infer_sram\picorv32-infer_sram\src\top.v":218)
WARN  (EX2565) : Input 'pcpi_rd[15]' on this instance is undriven. Assigning to 0, simulation mismatch possible. Please assign the input or remove the declaration("C:\Users\Md. Jannatul Nayem\Downloads\picorv32-infer_sram\picorv32-infer_sram\src\top.v":218)
WARN  (EX2565) : Input 'pcpi_rd[14]' on this instance is undriven. Assigning to 0, simulation mismatch possible. Please assign the input or remove the declaration("C:\Users\Md. Jannatul Nayem\Downloads\picorv32-infer_sram\picorv32-infer_sram\src\top.v":218)
WARN  (EX2565) : Input 'pcpi_rd[13]' on this instance is undriven. Assigning to 0, simulation mismatch possible. Please assign the input or remove the declaration("C:\Users\Md. Jannatul Nayem\Downloads\picorv32-infer_sram\picorv32-infer_sram\src\top.v":218)
WARN  (EX2565) : Input 'pcpi_rd[12]' on this instance is undriven. Assigning to 0, simulation mismatch possible. Please assign the input or remove the declaration("C:\Users\Md. Jannatul Nayem\Downloads\picorv32-infer_sram\picorv32-infer_sram\src\top.v":218)
WARN  (EX2565) : Input 'pcpi_rd[11]' on this instance is undriven. Assigning to 0, simulation mismatch possible. Please assign the input or remove the declaration("C:\Users\Md. Jannatul Nayem\Downloads\picorv32-infer_sram\picorv32-infer_sram\src\top.v":218)
WARN  (EX2565) : Input 'pcpi_rd[10]' on this instance is undriven. Assigning to 0, simulation mismatch possible. Please assign the input or remove the declaration("C:\Users\Md. Jannatul Nayem\Downloads\picorv32-infer_sram\picorv32-infer_sram\src\top.v":218)
WARN  (EX2565) : Input 'pcpi_rd[9]' on this instance is undriven. Assigning to 0, simulation mismatch possible. Please assign the input or remove the declaration("C:\Users\Md. Jannatul Nayem\Downloads\picorv32-infer_sram\picorv32-infer_sram\src\top.v":218)
WARN  (EX2565) : Input 'pcpi_rd[8]' on this instance is undriven. Assigning to 0, simulation mismatch possible. Please assign the input or remove the declaration("C:\Users\Md. Jannatul Nayem\Downloads\picorv32-infer_sram\picorv32-infer_sram\src\top.v":218)
WARN  (EX2565) : Input 'pcpi_rd[7]' on this instance is undriven. Assigning to 0, simulation mismatch possible. Please assign the input or remove the declaration("C:\Users\Md. Jannatul Nayem\Downloads\picorv32-infer_sram\picorv32-infer_sram\src\top.v":218)
WARN  (EX2565) : Input 'pcpi_rd[6]' on this instance is undriven. Assigning to 0, simulation mismatch possible. Please assign the input or remove the declaration("C:\Users\Md. Jannatul Nayem\Downloads\picorv32-infer_sram\picorv32-infer_sram\src\top.v":218)
WARN  (EX2565) : Input 'pcpi_rd[5]' on this instance is undriven. Assigning to 0, simulation mismatch possible. Please assign the input or remove the declaration("C:\Users\Md. Jannatul Nayem\Downloads\picorv32-infer_sram\picorv32-infer_sram\src\top.v":218)
WARN  (EX2565) : Input 'pcpi_rd[4]' on this instance is undriven. Assigning to 0, simulation mismatch possible. Please assign the input or remove the declaration("C:\Users\Md. Jannatul Nayem\Downloads\picorv32-infer_sram\picorv32-infer_sram\src\top.v":218)
WARN  (EX2565) : Input 'pcpi_rd[3]' on this instance is undriven. Assigning to 0, simulation mismatch possible. Please assign the input or remove the declaration("C:\Users\Md. Jannatul Nayem\Downloads\picorv32-infer_sram\picorv32-infer_sram\src\top.v":218)
WARN  (EX2565) : Input 'pcpi_rd[2]' on this instance is undriven. Assigning to 0, simulation mismatch possible. Please assign the input or remove the declaration("C:\Users\Md. Jannatul Nayem\Downloads\picorv32-infer_sram\picorv32-infer_sram\src\top.v":218)
WARN  (EX2565) : Input 'pcpi_rd[1]' on this instance is undriven. Assigning to 0, simulation mismatch possible. Please assign the input or remove the declaration("C:\Users\Md. Jannatul Nayem\Downloads\picorv32-infer_sram\picorv32-infer_sram\src\top.v":218)
WARN  (EX2565) : Input 'pcpi_rd[0]' on this instance is undriven. Assigning to 0, simulation mismatch possible. Please assign the input or remove the declaration("C:\Users\Md. Jannatul Nayem\Downloads\picorv32-infer_sram\picorv32-infer_sram\src\top.v":218)
WARN  (EX2565) : Input 'pcpi_wait' on this instance is undriven. Assigning to 0, simulation mismatch possible. Please assign the input or remove the declaration("C:\Users\Md. Jannatul Nayem\Downloads\picorv32-infer_sram\picorv32-infer_sram\src\top.v":218)
WARN  (EX2565) : Input 'pcpi_ready' on this instance is undriven. Assigning to 0, simulation mismatch possible. Please assign the input or remove the declaration("C:\Users\Md. Jannatul Nayem\Downloads\picorv32-infer_sram\picorv32-infer_sram\src\top.v":218)
NOTE  (EX0101) : Current top module is "top"
WARN  (EX0211) : The output port "pcpi_insn[31]" of module "picorv32(ENABLE_IRQ=1,ENABLE_IRQ_QREGS=0,PROGADDR_RESET=32'b00000000000000000000000000000000,PROGADDR_IRQ=32'b00000000000000000000000000000000,STACKADDR=32'b00000000000000000010000000000000)" has no driver, assigning undriven bits to Z, simulation mismatch possible("C:\Users\Md. Jannatul Nayem\Downloads\picorv32-infer_sram\picorv32-infer_sram\src\picorv32.v":111)
WARN  (EX0211) : The output port "pcpi_insn[30]" of module "picorv32(ENABLE_IRQ=1,ENABLE_IRQ_QREGS=0,PROGADDR_RESET=32'b00000000000000000000000000000000,PROGADDR_IRQ=32'b00000000000000000000000000000000,STACKADDR=32'b00000000000000000010000000000000)" has no driver, assigning undriven bits to Z, simulation mismatch possible("C:\Users\Md. Jannatul Nayem\Downloads\picorv32-infer_sram\picorv32-infer_sram\src\picorv32.v":111)
WARN  (EX0211) : The output port "pcpi_insn[29]" of module "picorv32(ENABLE_IRQ=1,ENABLE_IRQ_QREGS=0,PROGADDR_RESET=32'b00000000000000000000000000000000,PROGADDR_IRQ=32'b00000000000000000000000000000000,STACKADDR=32'b00000000000000000010000000000000)" has no driver, assigning undriven bits to Z, simulation mismatch possible("C:\Users\Md. Jannatul Nayem\Downloads\picorv32-infer_sram\picorv32-infer_sram\src\picorv32.v":111)
WARN  (EX0211) : The output port "pcpi_insn[28]" of module "picorv32(ENABLE_IRQ=1,ENABLE_IRQ_QREGS=0,PROGADDR_RESET=32'b00000000000000000000000000000000,PROGADDR_IRQ=32'b00000000000000000000000000000000,STACKADDR=32'b00000000000000000010000000000000)" has no driver, assigning undriven bits to Z, simulation mismatch possible("C:\Users\Md. Jannatul Nayem\Downloads\picorv32-infer_sram\picorv32-infer_sram\src\picorv32.v":111)
WARN  (EX0211) : The output port "pcpi_insn[27]" of module "picorv32(ENABLE_IRQ=1,ENABLE_IRQ_QREGS=0,PROGADDR_RESET=32'b00000000000000000000000000000000,PROGADDR_IRQ=32'b00000000000000000000000000000000,STACKADDR=32'b00000000000000000010000000000000)" has no driver, assigning undriven bits to Z, simulation mismatch possible("C:\Users\Md. Jannatul Nayem\Downloads\picorv32-infer_sram\picorv32-infer_sram\src\picorv32.v":111)
WARN  (EX0211) : The output port "pcpi_insn[26]" of module "picorv32(ENABLE_IRQ=1,ENABLE_IRQ_QREGS=0,PROGADDR_RESET=32'b00000000000000000000000000000000,PROGADDR_IRQ=32'b00000000000000000000000000000000,STACKADDR=32'b00000000000000000010000000000000)" has no driver, assigning undriven bits to Z, simulation mismatch possible("C:\Users\Md. Jannatul Nayem\Downloads\picorv32-infer_sram\picorv32-infer_sram\src\picorv32.v":111)
WARN  (EX0211) : The output port "pcpi_insn[25]" of module "picorv32(ENABLE_IRQ=1,ENABLE_IRQ_QREGS=0,PROGADDR_RESET=32'b00000000000000000000000000000000,PROGADDR_IRQ=32'b00000000000000000000000000000000,STACKADDR=32'b00000000000000000010000000000000)" has no driver, assigning undriven bits to Z, simulation mismatch possible("C:\Users\Md. Jannatul Nayem\Downloads\picorv32-infer_sram\picorv32-infer_sram\src\picorv32.v":111)
WARN  (EX0211) : The output port "pcpi_insn[24]" of module "picorv32(ENABLE_IRQ=1,ENABLE_IRQ_QREGS=0,PROGADDR_RESET=32'b00000000000000000000000000000000,PROGADDR_IRQ=32'b00000000000000000000000000000000,STACKADDR=32'b00000000000000000010000000000000)" has no driver, assigning undriven bits to Z, simulation mismatch possible("C:\Users\Md. Jannatul Nayem\Downloads\picorv32-infer_sram\picorv32-infer_sram\src\picorv32.v":111)
WARN  (EX0211) : The output port "pcpi_insn[23]" of module "picorv32(ENABLE_IRQ=1,ENABLE_IRQ_QREGS=0,PROGADDR_RESET=32'b00000000000000000000000000000000,PROGADDR_IRQ=32'b00000000000000000000000000000000,STACKADDR=32'b00000000000000000010000000000000)" has no driver, assigning undriven bits to Z, simulation mismatch possible("C:\Users\Md. Jannatul Nayem\Downloads\picorv32-infer_sram\picorv32-infer_sram\src\picorv32.v":111)
WARN  (EX0211) : The output port "pcpi_insn[22]" of module "picorv32(ENABLE_IRQ=1,ENABLE_IRQ_QREGS=0,PROGADDR_RESET=32'b00000000000000000000000000000000,PROGADDR_IRQ=32'b00000000000000000000000000000000,STACKADDR=32'b00000000000000000010000000000000)" has no driver, assigning undriven bits to Z, simulation mismatch possible("C:\Users\Md. Jannatul Nayem\Downloads\picorv32-infer_sram\picorv32-infer_sram\src\picorv32.v":111)
WARN  (EX0211) : The output port "pcpi_insn[21]" of module "picorv32(ENABLE_IRQ=1,ENABLE_IRQ_QREGS=0,PROGADDR_RESET=32'b00000000000000000000000000000000,PROGADDR_IRQ=32'b00000000000000000000000000000000,STACKADDR=32'b00000000000000000010000000000000)" has no driver, assigning undriven bits to Z, simulation mismatch possible("C:\Users\Md. Jannatul Nayem\Downloads\picorv32-infer_sram\picorv32-infer_sram\src\picorv32.v":111)
WARN  (EX0211) : The output port "pcpi_insn[20]" of module "picorv32(ENABLE_IRQ=1,ENABLE_IRQ_QREGS=0,PROGADDR_RESET=32'b00000000000000000000000000000000,PROGADDR_IRQ=32'b00000000000000000000000000000000,STACKADDR=32'b00000000000000000010000000000000)" has no driver, assigning undriven bits to Z, simulation mismatch possible("C:\Users\Md. Jannatul Nayem\Downloads\picorv32-infer_sram\picorv32-infer_sram\src\picorv32.v":111)
WARN  (EX0211) : The output port "pcpi_insn[19]" of module "picorv32(ENABLE_IRQ=1,ENABLE_IRQ_QREGS=0,PROGADDR_RESET=32'b00000000000000000000000000000000,PROGADDR_IRQ=32'b00000000000000000000000000000000,STACKADDR=32'b00000000000000000010000000000000)" has no driver, assigning undriven bits to Z, simulation mismatch possible("C:\Users\Md. Jannatul Nayem\Downloads\picorv32-infer_sram\picorv32-infer_sram\src\picorv32.v":111)
WARN  (EX0211) : The output port "pcpi_insn[18]" of module "picorv32(ENABLE_IRQ=1,ENABLE_IRQ_QREGS=0,PROGADDR_RESET=32'b00000000000000000000000000000000,PROGADDR_IRQ=32'b00000000000000000000000000000000,STACKADDR=32'b00000000000000000010000000000000)" has no driver, assigning undriven bits to Z, simulation mismatch possible("C:\Users\Md. Jannatul Nayem\Downloads\picorv32-infer_sram\picorv32-infer_sram\src\picorv32.v":111)
WARN  (EX0211) : The output port "pcpi_insn[17]" of module "picorv32(ENABLE_IRQ=1,ENABLE_IRQ_QREGS=0,PROGADDR_RESET=32'b00000000000000000000000000000000,PROGADDR_IRQ=32'b00000000000000000000000000000000,STACKADDR=32'b00000000000000000010000000000000)" has no driver, assigning undriven bits to Z, simulation mismatch possible("C:\Users\Md. Jannatul Nayem\Downloads\picorv32-infer_sram\picorv32-infer_sram\src\picorv32.v":111)
WARN  (EX0211) : The output port "pcpi_insn[16]" of module "picorv32(ENABLE_IRQ=1,ENABLE_IRQ_QREGS=0,PROGADDR_RESET=32'b00000000000000000000000000000000,PROGADDR_IRQ=32'b00000000000000000000000000000000,STACKADDR=32'b00000000000000000010000000000000)" has no driver, assigning undriven bits to Z, simulation mismatch possible("C:\Users\Md. Jannatul Nayem\Downloads\picorv32-infer_sram\picorv32-infer_sram\src\picorv32.v":111)
WARN  (EX0211) : The output port "pcpi_insn[15]" of module "picorv32(ENABLE_IRQ=1,ENABLE_IRQ_QREGS=0,PROGADDR_RESET=32'b00000000000000000000000000000000,PROGADDR_IRQ=32'b00000000000000000000000000000000,STACKADDR=32'b00000000000000000010000000000000)" has no driver, assigning undriven bits to Z, simulation mismatch possible("C:\Users\Md. Jannatul Nayem\Downloads\picorv32-infer_sram\picorv32-infer_sram\src\picorv32.v":111)
WARN  (EX0211) : The output port "pcpi_insn[14]" of module "picorv32(ENABLE_IRQ=1,ENABLE_IRQ_QREGS=0,PROGADDR_RESET=32'b00000000000000000000000000000000,PROGADDR_IRQ=32'b00000000000000000000000000000000,STACKADDR=32'b00000000000000000010000000000000)" has no driver, assigning undriven bits to Z, simulation mismatch possible("C:\Users\Md. Jannatul Nayem\Downloads\picorv32-infer_sram\picorv32-infer_sram\src\picorv32.v":111)
WARN  (EX0211) : The output port "pcpi_insn[13]" of module "picorv32(ENABLE_IRQ=1,ENABLE_IRQ_QREGS=0,PROGADDR_RESET=32'b00000000000000000000000000000000,PROGADDR_IRQ=32'b00000000000000000000000000000000,STACKADDR=32'b00000000000000000010000000000000)" has no driver, assigning undriven bits to Z, simulation mismatch possible("C:\Users\Md. Jannatul Nayem\Downloads\picorv32-infer_sram\picorv32-infer_sram\src\picorv32.v":111)
WARN  (EX0211) : The output port "pcpi_insn[12]" of module "picorv32(ENABLE_IRQ=1,ENABLE_IRQ_QREGS=0,PROGADDR_RESET=32'b00000000000000000000000000000000,PROGADDR_IRQ=32'b00000000000000000000000000000000,STACKADDR=32'b00000000000000000010000000000000)" has no driver, assigning undriven bits to Z, simulation mismatch possible("C:\Users\Md. Jannatul Nayem\Downloads\picorv32-infer_sram\picorv32-infer_sram\src\picorv32.v":111)
WARN  (EX0211) : The output port "pcpi_insn[11]" of module "picorv32(ENABLE_IRQ=1,ENABLE_IRQ_QREGS=0,PROGADDR_RESET=32'b00000000000000000000000000000000,PROGADDR_IRQ=32'b00000000000000000000000000000000,STACKADDR=32'b00000000000000000010000000000000)" has no driver, assigning undriven bits to Z, simulation mismatch possible("C:\Users\Md. Jannatul Nayem\Downloads\picorv32-infer_sram\picorv32-infer_sram\src\picorv32.v":111)
WARN  (EX0211) : The output port "pcpi_insn[10]" of module "picorv32(ENABLE_IRQ=1,ENABLE_IRQ_QREGS=0,PROGADDR_RESET=32'b00000000000000000000000000000000,PROGADDR_IRQ=32'b00000000000000000000000000000000,STACKADDR=32'b00000000000000000010000000000000)" has no driver, assigning undriven bits to Z, simulation mismatch possible("C:\Users\Md. Jannatul Nayem\Downloads\picorv32-infer_sram\picorv32-infer_sram\src\picorv32.v":111)
WARN  (EX0211) : The output port "pcpi_insn[9]" of module "picorv32(ENABLE_IRQ=1,ENABLE_IRQ_QREGS=0,PROGADDR_RESET=32'b00000000000000000000000000000000,PROGADDR_IRQ=32'b00000000000000000000000000000000,STACKADDR=32'b00000000000000000010000000000000)" has no driver, assigning undriven bits to Z, simulation mismatch possible("C:\Users\Md. Jannatul Nayem\Downloads\picorv32-infer_sram\picorv32-infer_sram\src\picorv32.v":111)
WARN  (EX0211) : The output port "pcpi_insn[8]" of module "picorv32(ENABLE_IRQ=1,ENABLE_IRQ_QREGS=0,PROGADDR_RESET=32'b00000000000000000000000000000000,PROGADDR_IRQ=32'b00000000000000000000000000000000,STACKADDR=32'b00000000000000000010000000000000)" has no driver, assigning undriven bits to Z, simulation mismatch possible("C:\Users\Md. Jannatul Nayem\Downloads\picorv32-infer_sram\picorv32-infer_sram\src\picorv32.v":111)
WARN  (EX0211) : The output port "pcpi_insn[7]" of module "picorv32(ENABLE_IRQ=1,ENABLE_IRQ_QREGS=0,PROGADDR_RESET=32'b00000000000000000000000000000000,PROGADDR_IRQ=32'b00000000000000000000000000000000,STACKADDR=32'b00000000000000000010000000000000)" has no driver, assigning undriven bits to Z, simulation mismatch possible("C:\Users\Md. Jannatul Nayem\Downloads\picorv32-infer_sram\picorv32-infer_sram\src\picorv32.v":111)
WARN  (EX0211) : The output port "pcpi_insn[6]" of module "picorv32(ENABLE_IRQ=1,ENABLE_IRQ_QREGS=0,PROGADDR_RESET=32'b00000000000000000000000000000000,PROGADDR_IRQ=32'b00000000000000000000000000000000,STACKADDR=32'b00000000000000000010000000000000)" has no driver, assigning undriven bits to Z, simulation mismatch possible("C:\Users\Md. Jannatul Nayem\Downloads\picorv32-infer_sram\picorv32-infer_sram\src\picorv32.v":111)
WARN  (EX0211) : The output port "pcpi_insn[5]" of module "picorv32(ENABLE_IRQ=1,ENABLE_IRQ_QREGS=0,PROGADDR_RESET=32'b00000000000000000000000000000000,PROGADDR_IRQ=32'b00000000000000000000000000000000,STACKADDR=32'b00000000000000000010000000000000)" has no driver, assigning undriven bits to Z, simulation mismatch possible("C:\Users\Md. Jannatul Nayem\Downloads\picorv32-infer_sram\picorv32-infer_sram\src\picorv32.v":111)
WARN  (EX0211) : The output port "pcpi_insn[4]" of module "picorv32(ENABLE_IRQ=1,ENABLE_IRQ_QREGS=0,PROGADDR_RESET=32'b00000000000000000000000000000000,PROGADDR_IRQ=32'b00000000000000000000000000000000,STACKADDR=32'b00000000000000000010000000000000)" has no driver, assigning undriven bits to Z, simulation mismatch possible("C:\Users\Md. Jannatul Nayem\Downloads\picorv32-infer_sram\picorv32-infer_sram\src\picorv32.v":111)
WARN  (EX0211) : The output port "pcpi_insn[3]" of module "picorv32(ENABLE_IRQ=1,ENABLE_IRQ_QREGS=0,PROGADDR_RESET=32'b00000000000000000000000000000000,PROGADDR_IRQ=32'b00000000000000000000000000000000,STACKADDR=32'b00000000000000000010000000000000)" has no driver, assigning undriven bits to Z, simulation mismatch possible("C:\Users\Md. Jannatul Nayem\Downloads\picorv32-infer_sram\picorv32-infer_sram\src\picorv32.v":111)
WARN  (EX0211) : The output port "pcpi_insn[2]" of module "picorv32(ENABLE_IRQ=1,ENABLE_IRQ_QREGS=0,PROGADDR_RESET=32'b00000000000000000000000000000000,PROGADDR_IRQ=32'b00000000000000000000000000000000,STACKADDR=32'b00000000000000000010000000000000)" has no driver, assigning undriven bits to Z, simulation mismatch possible("C:\Users\Md. Jannatul Nayem\Downloads\picorv32-infer_sram\picorv32-infer_sram\src\picorv32.v":111)
WARN  (EX0211) : The output port "pcpi_insn[1]" of module "picorv32(ENABLE_IRQ=1,ENABLE_IRQ_QREGS=0,PROGADDR_RESET=32'b00000000000000000000000000000000,PROGADDR_IRQ=32'b00000000000000000000000000000000,STACKADDR=32'b00000000000000000010000000000000)" has no driver, assigning undriven bits to Z, simulation mismatch possible("C:\Users\Md. Jannatul Nayem\Downloads\picorv32-infer_sram\picorv32-infer_sram\src\picorv32.v":111)
WARN  (EX0211) : The output port "pcpi_insn[0]" of module "picorv32(ENABLE_IRQ=1,ENABLE_IRQ_QREGS=0,PROGADDR_RESET=32'b00000000000000000000000000000000,PROGADDR_IRQ=32'b00000000000000000000000000000000,STACKADDR=32'b00000000000000000010000000000000)" has no driver, assigning undriven bits to Z, simulation mismatch possible("C:\Users\Md. Jannatul Nayem\Downloads\picorv32-infer_sram\picorv32-infer_sram\src\picorv32.v":111)
[5%] Running netlist conversion ...
Running device independent optimization ...
[10%] Optimizing Phase 0 completed
[15%] Optimizing Phase 1 completed
[25%] Optimizing Phase 2 completed
Running inference ...
[30%] Inferring Phase 0 completed
[40%] Inferring Phase 1 completed
[50%] Inferring Phase 2 completed
[55%] Inferring Phase 3 completed
Running technical mapping ...
[60%] Tech-Mapping Phase 0 completed
[65%] Tech-Mapping Phase 1 completed
[75%] Tech-Mapping Phase 2 completed
[80%] Tech-Mapping Phase 3 completed
[90%] Tech-Mapping Phase 4 completed
[95%] Generate netlist file "C:\Users\Md. Jannatul Nayem\Downloads\picorv32-infer_sram\picorv32-infer_sram\impl\gwsynthesis\picorv32.vg" completed
[100%] Generate report file "C:\Users\Md. Jannatul Nayem\Downloads\picorv32-infer_sram\picorv32-infer_sram\impl\gwsynthesis\picorv32_syn.rpt.html" completed
GowinSynthesis finish
